#
# There is insufficient memory for the Java Runtime Environment to continue.
# Native memory allocation (malloc) failed to allocate 1005776 bytes for Chunk::new
# Possible reasons:
#   The system is out of physical RAM or swap space
#   The process is running with CompressedOops enabled, and the Java Heap may be blocking the growth of the native heap
# Possible solutions:
#   Reduce memory load on the system
#   Increase physical memory or swap space
#   Check if swap backing store is full
#   Decrease Java heap size (-Xmx/-Xms)
#   Decrease number of Java threads
#   Decrease Java thread stack sizes (-Xss)
#   Set larger code cache with -XX:ReservedCodeCacheSize=
#   JVM is running with Unscaled Compressed Oops mode in which the Java heap is
#     placed in the first 4GB address space. The Java Heap base address is the
#     maximum limit for the native heap growth. Please use -XX:HeapBaseMinAddress
#     to set the Java Heap base and to place the Java Heap above 4GB virtual address.
# This output file may be truncated or incomplete.
#
#  Out of Memory Error (allocation.cpp:389), pid=79356, tid=0x0000000000017260
#
# JRE version: Java(TM) SE Runtime Environment (8.0_351-b10) (build 1.8.0_351-b10)
# Java VM: Java HotSpot(TM) 64-Bit Server VM (25.351-b10 mixed mode windows-amd64 compressed oops)
# Failed to write core dump. Minidumps are not enabled by default on client versions of Windows
#

---------------  T H R E A D  ---------------

Current thread (0x000001932192b000):  JavaThread "C2 CompilerThread2" daemon [_thread_in_native, id=94816, stack(0x0000008ee9b00000,0x0000008ee9c00000)]

Stack: [0x0000008ee9b00000,0x0000008ee9c00000]
Native frames: (J=compiled Java code, j=interpreted, Vv=VM code, C=native code)
V  [jvm.dll+0x3300b9]
V  [jvm.dll+0x276632]
V  [jvm.dll+0x2772dd]
V  [jvm.dll+0x26dc85]
V  [jvm.dll+0xd584c]
V  [jvm.dll+0xd604c]
V  [jvm.dll+0x454572]
V  [jvm.dll+0x48f62d]
V  [jvm.dll+0x444201]
V  [jvm.dll+0x4413ab]
V  [jvm.dll+0x42c27b]
V  [jvm.dll+0xac69b]
V  [jvm.dll+0xaacfb]
V  [jvm.dll+0x23ec62]
V  [jvm.dll+0x29330c]
C  [ucrtbase.dll+0x21bb2]
C  [KERNEL32.DLL+0x17614]
C  [ntdll.dll+0x526a1]


Current CompileTask:
C2:   1112  428   !   4       com.sun.tools.javac.parser.JavaTokenizer::readToken (2243 bytes)


---------------  P R O C E S S  ---------------

Java Threads: ( => current thread )
  0x00000193219c9000 JavaThread "Service Thread" daemon [_thread_blocked, id=39900, stack(0x0000008eea500000,0x0000008eea600000)]
  0x0000019321937800 JavaThread "C1 CompilerThread11" daemon [_thread_blocked, id=95088, stack(0x0000008eea400000,0x0000008eea500000)]
  0x0000019321936000 JavaThread "C1 CompilerThread10" daemon [_thread_blocked, id=94604, stack(0x0000008eea300000,0x0000008eea400000)]
  0x0000019321935000 JavaThread "C1 CompilerThread9" daemon [_thread_in_native, id=41424, stack(0x0000008eea200000,0x0000008eea300000)]
  0x0000019321938000 JavaThread "C1 CompilerThread8" daemon [_thread_blocked, id=97972, stack(0x0000008eea100000,0x0000008eea200000)]
  0x0000019321939000 JavaThread "C2 CompilerThread7" daemon [_thread_blocked, id=93468, stack(0x0000008eea000000,0x0000008eea100000)]
  0x000001932193c000 JavaThread "C2 CompilerThread6" daemon [_thread_blocked, id=79460, stack(0x0000008ee9f00000,0x0000008eea000000)]
  0x000001932193b000 JavaThread "C2 CompilerThread5" daemon [_thread_in_native, id=95812, stack(0x0000008ee9e00000,0x0000008ee9f00000)]
  0x000001932192d800 JavaThread "C2 CompilerThread4" daemon [_thread_in_native, id=96740, stack(0x0000008ee9d00000,0x0000008ee9e00000)]
  0x000001932192b800 JavaThread "C2 CompilerThread3" daemon [_thread_in_native, id=96492, stack(0x0000008ee9c00000,0x0000008ee9d00000)]
=>0x000001932192b000 JavaThread "C2 CompilerThread2" daemon [_thread_in_native, id=94816, stack(0x0000008ee9b00000,0x0000008ee9c00000)]
  0x0000019321928000 JavaThread "C2 CompilerThread1" daemon [_thread_in_native, id=95748, stack(0x0000008ee9a00000,0x0000008ee9b00000)]
  0x000001931ebde000 JavaThread "C2 CompilerThread0" daemon [_thread_blocked, id=89568, stack(0x0000008ee9900000,0x0000008ee9a00000)]
  0x00000193218d5800 JavaThread "Attach Listener" daemon [_thread_blocked, id=82476, stack(0x0000008ee9800000,0x0000008ee9900000)]
  0x00000193218be800 JavaThread "Signal Dispatcher" daemon [_thread_blocked, id=92748, stack(0x0000008ee9700000,0x0000008ee9800000)]
  0x00000193218b1800 JavaThread "Finalizer" daemon [_thread_blocked, id=99276, stack(0x0000008ee9600000,0x0000008ee9700000)]
  0x000001931ebc3800 JavaThread "Reference Handler" daemon [_thread_blocked, id=96636, stack(0x0000008ee9500000,0x0000008ee9600000)]
  0x0000019308848000 JavaThread "main" [_thread_blocked, id=96304, stack(0x0000008ee8600000,0x0000008ee8700000)]

Other Threads:
  0x000001931ebbb000 VMThread [stack: 0x0000008ee9400000,0x0000008ee9500000] [id=95588]
  0x00000193219cc000 WatcherThread [stack: 0x0000008eea600000,0x0000008eea700000] [id=97908]

VM state:not at safepoint (normal execution)

VM Mutex/Monitor currently owned by a thread: None

OutOfMemory and StackOverflow Exception counts:
OutOfMemoryError java_heap_errors=1

heap address: 0x0000000080000000, size: 2048 MB, Compressed Oops mode: 32-bit
Narrow klass base: 0x0000000000000000, Narrow klass shift: 3
Compressed class space size: 1073741824 Address: 0x0000000100000000

Heap:
 PSYoungGen      total 153088K, used 31580K [0x00000000d5580000, 0x00000000e0000000, 0x0000000100000000)
  eden space 131584K, 24% used [0x00000000d5580000,0x00000000d74571a0,0x00000000dd600000)
  from space 21504K, 0% used [0x00000000deb00000,0x00000000deb00000,0x00000000e0000000)
  to   space 21504K, 0% used [0x00000000dd600000,0x00000000dd600000,0x00000000deb00000)
 ParOldGen       total 349696K, used 0K [0x0000000080000000, 0x0000000095580000, 0x00000000d5580000)
  object space 349696K, 0% used [0x0000000080000000,0x0000000080000000,0x0000000095580000)
 Metaspace       used 7596K, capacity 8372K, committed 8704K, reserved 1056768K
  class space    used 903K, capacity 944K, committed 1024K, reserved 1048576K

Card table byte_map: [0x00000193195f0000,0x0000019319a00000] byte_map_base: 0x00000193191f0000

Marking Bits: (ParMarkBitMap*) 0x000000006e1c8fd0
 Begin Bits: [0x0000019319cb0000, 0x000001931bcb0000)
 End Bits:   [0x000001931bcb0000, 0x000001931dcb0000)

Polling page: 0x0000019308800000

CodeCache: size=245760Kb used=4708Kb max_used=4720Kb free=241051Kb
 bounds [0x000001930a230000, 0x000001930a6e0000, 0x0000019319230000]
 total_blobs=868 nmethods=575 adapters=204
 compilation: enabled

Compilation events (10 events):
Event: 1.057 Thread 0x0000019321937800 nmethod 562 0x000001930a6be150 code [0x000001930a6be320, 0x000001930a6beb60]
Event: 1.057 Thread 0x000001932192b800  563 %     4       com.sun.tools.javac.util.Position$LineMapImpl::build @ 25 (128 bytes)
Event: 1.059 Thread 0x000001931ebde000  564       4       sun.nio.cs.UTF_8$Decoder::decodeArrayLoop (691 bytes)
Event: 1.060 Thread 0x0000019321938000  565       3       com.sun.tools.javac.parser.JavacParser::typeArgumentsOpt (53 bytes)
Event: 1.061 Thread 0x0000019321938000 nmethod 565 0x000001930a6bcb90 code [0x000001930a6bcd20, 0x000001930a6bd0b0]
Event: 1.061 Thread 0x0000019321936000  566       3       com.sun.tools.javac.tree.TreeMaker::Assign (20 bytes)
Event: 1.061 Thread 0x0000019321935000  567       3       com.sun.tools.javac.tree.JCTree$JCAssign::<init> (15 bytes)
Event: 1.061 Thread 0x0000019321939000  568       4       com.sun.tools.javac.parser.UnicodeReader::putChar (41 bytes)
Event: 1.061 Thread 0x0000019321935000 nmethod 567 0x000001930a6af590 code [0x000001930a6af700, 0x000001930a6af998]
Event: 1.061 Thread 0x0000019321936000 nmethod 566 0x000001930a6a8ed0 code [0x000001930a6a9040, 0x000001930a6a9398]

GC Heap History (0 events):
No events

Deoptimization events (10 events):
Event: 0.955 Thread 0x0000019308848000 Uncommon trap: reason=unstable_if action=reinterpret pc=0x000001930a55d520 method=java.lang.String.replace(CC)Ljava/lang/String; @ 26
Event: 0.958 Thread 0x0000019308848000 Uncommon trap: reason=class_check action=maybe_recompile pc=0x000001930a5b33e0 method=sun.misc.URLClassPath.getLoader(I)Lsun/misc/URLClassPath$Loader; @ 94
Event: 0.961 Thread 0x0000019308848000 Uncommon trap: reason=class_check action=maybe_recompile pc=0x000001930a5b33e0 method=sun.misc.URLClassPath.getLoader(I)Lsun/misc/URLClassPath$Loader; @ 94
Event: 0.961 Thread 0x0000019308848000 Uncommon trap: reason=unstable_if action=reinterpret pc=0x000001930a5997a4 method=java.lang.String.indexOf([CII[CIII)I @ 134
Event: 0.999 Thread 0x0000019308848000 Uncommon trap: reason=unstable_if action=reinterpret pc=0x000001930a5ae630 method=java.lang.String.<init>([CII)V @ 18
Event: 1.008 Thread 0x0000019308848000 Uncommon trap: reason=unstable_if action=reinterpret pc=0x000001930a5cde48 method=com.sun.tools.javac.parser.UnicodeReader.scanChar()V @ 37
Event: 1.008 Thread 0x0000019308848000 Uncommon trap: reason=unstable_if action=reinterpret pc=0x000001930a5d0698 method=com.sun.tools.javac.parser.UnicodeReader.scanChar()V @ 37
Event: 1.008 Thread 0x0000019308848000 Uncommon trap: reason=unstable_if action=reinterpret pc=0x000001930a60e9dc method=com.sun.tools.javac.parser.UnicodeReader.scanChar()V @ 37
Event: 1.059 Thread 0x0000019308848000 Uncommon trap: reason=unstable_if action=reinterpret pc=0x000001930a65a5bc method=sun.nio.cs.UTF_8$Decoder.decodeArrayLoop(Ljava/nio/ByteBuffer;Ljava/nio/CharBuffer;)Ljava/nio/charset/CoderResult; @ 77
Event: 1.060 Thread 0x0000019308848000 Uncommon trap: reason=unstable_if action=reinterpret pc=0x000001930a6677c4 method=com.sun.tools.javac.parser.JavacParser.typeArgumentsOpt(I)Lcom/sun/tools/javac/util/List; @ 10

Classes redefined (0 events):
No events

Internal exceptions (6 events):
Event: 0.068 Thread 0x0000019308848000 Exception <a 'java/lang/NoSuchMethodError': Method sun.misc.Unsafe.defineClass(Ljava/lang/String;[BII)Ljava/lang/Class; name or signature does not match> (0x00000000d5587ce0) thrown at [C:\jenkins\workspace\8-2-build-windows-x64-cygwin\jdk8u351\2908\hotsp
Event: 0.068 Thread 0x0000019308848000 Exception <a 'java/lang/NoSuchMethodError': Method sun.misc.Unsafe.prefetchRead(Ljava/lang/Object;J)V name or signature does not match> (0x00000000d5587fc8) thrown at [C:\jenkins\workspace\8-2-build-windows-x64-cygwin\jdk8u351\2908\hotspot\src\share\vm\pr
Event: 0.425 Thread 0x0000019308848000 Exception <a 'java/security/PrivilegedActionException'> (0x00000000d5714de0) thrown at [C:\jenkins\workspace\8-2-build-windows-x64-cygwin\jdk8u351\2908\hotspot\src\share\vm\prims\jvm.cpp, line 1513]
Event: 0.425 Thread 0x0000019308848000 Exception <a 'java/security/PrivilegedActionException'> (0x00000000d57151d8) thrown at [C:\jenkins\workspace\8-2-build-windows-x64-cygwin\jdk8u351\2908\hotspot\src\share\vm\prims\jvm.cpp, line 1513]
Event: 0.429 Thread 0x0000019308848000 Exception <a 'java/security/PrivilegedActionException'> (0x00000000d574a0a0) thrown at [C:\jenkins\workspace\8-2-build-windows-x64-cygwin\jdk8u351\2908\hotspot\src\share\vm\prims\jvm.cpp, line 1513]
Event: 0.429 Thread 0x0000019308848000 Exception <a 'java/security/PrivilegedActionException'> (0x00000000d574a498) thrown at [C:\jenkins\workspace\8-2-build-windows-x64-cygwin\jdk8u351\2908\hotspot\src\share\vm\prims\jvm.cpp, line 1513]

Events (10 events):
Event: 1.010 loading class com/sun/tools/javac/util/Position$LineMap
Event: 1.010 loading class com/sun/tools/javac/util/Position$LineMap done
Event: 1.010 loading class com/sun/tools/javac/util/Position$LineTabMapImpl
Event: 1.010 loading class com/sun/tools/javac/util/Position$LineTabMapImpl done
Event: 1.059 Thread 0x0000019308848000 Uncommon trap: trap_request=0xffffff65 fr.pc=0x000001930a65a5bc
Event: 1.059 Thread 0x0000019308848000 DEOPT PACKING pc=0x000001930a65a5bc sp=0x0000008ee86feb70
Event: 1.059 Thread 0x0000019308848000 DEOPT UNPACKING pc=0x000001930a2758c3 sp=0x0000008ee86feaf8 mode 2
Event: 1.060 Thread 0x0000019308848000 Uncommon trap: trap_request=0xffffff65 fr.pc=0x000001930a6677c4
Event: 1.060 Thread 0x0000019308848000 DEOPT PACKING pc=0x000001930a6677c4 sp=0x0000008ee86fc480
Event: 1.060 Thread 0x0000019308848000 DEOPT UNPACKING pc=0x000001930a2758c3 sp=0x0000008ee86fc410 mode 2


Dynamic libraries:
0x00007ff6fac00000 - 0x00007ff6fac07000 	D:\jdk1.8\bin\javac.exe
0x00007ffef06b0000 - 0x00007ffef08a8000 	C:\Windows\SYSTEM32\ntdll.dll
0x00007ffeeeae0000 - 0x00007ffeeeb9f000 	C:\Windows\System32\KERNEL32.DLL
0x00007ffeede60000 - 0x00007ffeee132000 	C:\Windows\System32\KERNELBASE.dll
0x00007ffeee4a0000 - 0x00007ffeee5a0000 	C:\Windows\System32\ucrtbase.dll
0x00007ffed8880000 - 0x00007ffed8895000 	D:\jdk1.8\bin\VCRUNTIME140.dll
0x00007ffecba50000 - 0x00007ffecba8f000 	D:\jdk1.8\bin\jli.dll
0x00007ffeef4a0000 - 0x00007ffeef54e000 	C:\Windows\System32\ADVAPI32.dll
0x00007ffeee980000 - 0x00007ffeeea1e000 	C:\Windows\System32\msvcrt.dll
0x00007ffeef550000 - 0x00007ffeef5ec000 	C:\Windows\System32\sechost.dll
0x00007ffeeec50000 - 0x00007ffeeed75000 	C:\Windows\System32\RPCRT4.dll
0x00007ffef0390000 - 0x00007ffef0531000 	C:\Windows\System32\USER32.dll
0x00007ffeede30000 - 0x00007ffeede52000 	C:\Windows\System32\win32u.dll
0x00007ffeefad0000 - 0x00007ffeefafb000 	C:\Windows\System32\GDI32.dll
0x00007ffeee230000 - 0x00007ffeee33f000 	C:\Windows\System32\gdi32full.dll
0x00007ffeee5a0000 - 0x00007ffeee63d000 	C:\Windows\System32\msvcp_win.dll
0x00007ffedc4e0000 - 0x00007ffedc77a000 	C:\Windows\WinSxS\amd64_microsoft.windows.common-controls_6595b64144ccf1df_6.0.19041.1110_none_60b5254171f9507e\COMCTL32.dll
0x00007ffeee6f0000 - 0x00007ffeee722000 	C:\Windows\System32\IMM32.DLL
0x00007ffee61b0000 - 0x00007ffee61c5000 	D:\jdk1.8\jre\bin\vcruntime140.dll
0x00007ffeb3930000 - 0x00007ffeb39cb000 	D:\jdk1.8\jre\bin\msvcp140.dll
0x000000006d9e0000 - 0x000000006e241000 	D:\jdk1.8\jre\bin\server\jvm.dll
0x00007ffeeead0000 - 0x00007ffeeead8000 	C:\Windows\System32\PSAPI.DLL
0x00007ffee2740000 - 0x00007ffee2767000 	C:\Windows\SYSTEM32\WINMM.dll
0x00007ffecd660000 - 0x00007ffecd669000 	C:\Windows\SYSTEM32\WSOCK32.dll
0x00007ffee5dd0000 - 0x00007ffee5dda000 	C:\Windows\SYSTEM32\VERSION.dll
0x00007ffeef140000 - 0x00007ffeef1ab000 	C:\Windows\System32\WS2_32.dll
0x00007ffeec5f0000 - 0x00007ffeec602000 	C:\Windows\SYSTEM32\kernel.appcore.dll
0x00007ffee7760000 - 0x00007ffee7770000 	D:\jdk1.8\jre\bin\verify.dll
0x00007ffedcaf0000 - 0x00007ffedcb1b000 	D:\jdk1.8\jre\bin\java.dll
0x00007ffedd680000 - 0x00007ffedd698000 	D:\jdk1.8\jre\bin\zip.dll
0x00007ffeefc40000 - 0x00007ffef0385000 	C:\Windows\System32\SHELL32.dll
0x00007ffeebe20000 - 0x00007ffeec5b2000 	C:\Windows\SYSTEM32\windows.storage.dll
0x00007ffeeed80000 - 0x00007ffeef0d5000 	C:\Windows\System32\combase.dll
0x00007ffeed800000 - 0x00007ffeed830000 	C:\Windows\SYSTEM32\Wldp.dll
0x00007ffeefb00000 - 0x00007ffeefbad000 	C:\Windows\System32\SHCORE.dll
0x00007ffeef440000 - 0x00007ffeef495000 	C:\Windows\System32\shlwapi.dll
0x00007ffeedce0000 - 0x00007ffeedcff000 	C:\Windows\SYSTEM32\profapi.dll
0x00007ffeebc30000 - 0x00007ffeebe14000 	C:\Windows\SYSTEM32\dbghelp.dll
0x00007ffeedda0000 - 0x00007ffeede22000 	C:\Windows\System32\bcryptPrimitives.dll

VM Arguments:
jvm_args: -Denv.class.path=,;D:\jdk1.8\lib -Dapplication.home=D:\jdk1.8 -Xms8m -Xmx2048m -Xms512m 
java_command: com.sun.tools.javac.Main @C:/Users/serein/AppData/Local/Temp/org.codehaus.plexus.compiler.javac.JavacCompiler6685548183837961973arguments
java_class_path (initial): D:\jdk1.8/lib/tools.jar;D:\jdk1.8/classes
Launcher Type: SUN_STANDARD

Environment Variables:
JAVA_HOME=D:\jdk1.8
CLASSPATH=,;D:\jdk1.8\lib
PATH=C:\Users\serein\anaconda3;C:\Users\serein\anaconda3\Library\mingw-w64\bin;C:\Users\serein\anaconda3\Library\usr\bin;C:\Users\serein\anaconda3\Library\bin;C:\Users\serein\anaconda3\Scripts;C:\Users\serein\anaconda3\bin;C:\Users\serein\anaconda3\condabin;C:\Program Files\Common Files\Oracle\Java\javapath;C:\Program Files\NVIDIA GPU Computing Toolkit\CUDA\v11.2;C:\Program Files\NVIDIA GPU Computing Toolkit\CUDA\v11.2\bin;C:\Program Files\NVIDIA GPU Computing Toolkit\CUDA\v11.2\libnvvp;C:\Program Files\NVIDIA GPU Computing Toolkit\CUDA\v11.2\extras\CUPTI\lib64;C:\Program Files\NVIDIA GPU Computing Toolkit\CUDA\v11.2\lib\x64;C:\Program Files (x86)\VMware\VMware Workstation\bin;C:\Windows\system32;C:\Windows;C:\Windows\System32\Wbem;C:\Windows\System32\WindowsPowerShell\v1.0;C:\Windows\System32\OpenSSH;C:\Program Files (x86)\NVIDIA Corporation\PhysX\Common;C:\Program Files\NVIDIA Corporation\NVIDIA NvDLISR;C:\Program Files\Bandizip;C:\Program Files\Git\cmd;C:\Program Files\NVIDIA Corporation\Nsight Compute 2020.3.0;D:\go\bin;C:\Program Files\Pandoc;C:\Program Files\Microsoft SQL Server\110\Tools\Binn;D:\nvm;C:\Program Files\nodejs;C:\Program Files (x86)\ZeroTier\One;D:\jdk1.8\bin;D:\maven\apache-maven-3.6.0\bin;D:\jdk1.8\jre\bin;C:\Users\serein\AppData\Local\Programs\Python\Python39\Scripts;C:\Users\serein\AppData\Local\Programs\Python\Python39;C:\Users\serein\AppData\Local\Microsoft\WindowsApps;C:\Users\serein\anaconda3\Scripts;C:\Users\serein\AppData\Local\Programs\Microsoft VS Code\bin;C:\Users\serein\anaconda3;C:\Users\serein\AppData\Local\GitHubDesktop\bin;C:\Users\serein\go\bin;D:\nvm;C:\Program Files\nodejs
USERNAME=serein
OS=Windows_NT
PROCESSOR_IDENTIFIER=AMD64 Family 25 Model 80 Stepping 0, AuthenticAMD



---------------  S Y S T E M  ---------------

OS: Windows 10 , 64 bit Build 19041 (10.0.19041.2546)

CPU:total 16 (initial active 16) (16 cores per cpu, 1 threads per core) family 25 model 80 stepping 0, cmov, cx8, fxsr, mmx, sse, sse2, sse3, ssse3, sse4.1, sse4.2, popcnt, avx, avx2, aes, clmul, erms, mmxext, 3dnowpref, lzcnt, sse4a, tsc, tscinvbit, tscinv, bmi1

Memory: 4k page, physical 14528572k(376440k free), swap 40742968k(56k free)

vm_info: Java HotSpot(TM) 64-Bit Server VM (25.351-b10) for windows-amd64 JRE (1.8.0_351-b10), built on Sep 15 2022 02:58:06 by "java_re" with MS VC++ 15.9 (VS2017)

time: Wed Mar 15 17:06:45 2023
timezone: AMD64 Family 25 Model 80 Stepping 0, AuthenticAMD
elapsed time: 1.121857 seconds (0d 0h 0m 1s)

